c:\users\mathe\onedrive\documents\year2-modules\c++\assignment1_mathewsjoy_cmp2801m\assignment1_mathewsjoy_cmp2801m\debug\vc142.pdb
c:\users\mathe\onedrive\documents\year2-modules\c++\assignment1_mathewsjoy_cmp2801m\assignment1_mathewsjoy_cmp2801m\debug\vc142.idb
c:\users\mathe\onedrive\documents\year2-modules\c++\assignment1_mathewsjoy_cmp2801m\assignment1_mathewsjoy_cmp2801m\debug\transaction.obj
c:\users\mathe\onedrive\documents\year2-modules\c++\assignment1_mathewsjoy_cmp2801m\assignment1_mathewsjoy_cmp2801m\debug\savings.obj
c:\users\mathe\onedrive\documents\year2-modules\c++\assignment1_mathewsjoy_cmp2801m\assignment1_mathewsjoy_cmp2801m\debug\redblacksearchtree.obj
c:\users\mathe\onedrive\documents\year2-modules\c++\assignment1_mathewsjoy_cmp2801m\assignment1_mathewsjoy_cmp2801m\debug\options.obj
c:\users\mathe\onedrive\documents\year2-modules\c++\assignment1_mathewsjoy_cmp2801m\assignment1_mathewsjoy_cmp2801m\debug\money.obj
c:\users\mathe\onedrive\documents\year2-modules\c++\assignment1_mathewsjoy_cmp2801m\assignment1_mathewsjoy_cmp2801m\debug\lincbank..obj
c:\users\mathe\onedrive\documents\year2-modules\c++\assignment1_mathewsjoy_cmp2801m\assignment1_mathewsjoy_cmp2801m\debug\interestearning.obj
c:\users\mathe\onedrive\documents\year2-modules\c++\assignment1_mathewsjoy_cmp2801m\assignment1_mathewsjoy_cmp2801m\debug\incorrectargumentvalue.obj
c:\users\mathe\onedrive\documents\year2-modules\c++\assignment1_mathewsjoy_cmp2801m\assignment1_mathewsjoy_cmp2801m\debug\incorrectamountofarguments.obj
c:\users\mathe\onedrive\documents\year2-modules\c++\assignment1_mathewsjoy_cmp2801m\assignment1_mathewsjoy_cmp2801m\debug\current.obj
c:\users\mathe\onedrive\documents\year2-modules\c++\assignment1_mathewsjoy_cmp2801m\assignment1_mathewsjoy_cmp2801m\debug\accountmanager.obj
c:\users\mathe\onedrive\documents\year2-modules\c++\assignment1_mathewsjoy_cmp2801m\assignment1_mathewsjoy_cmp2801m\debug\account.obj
c:\users\mathe\onedrive\documents\year2-modules\c++\assignment1_mathewsjoy_cmp2801m\debug\assignment1_mathewsjoy_cmp2801m.exe
c:\users\mathe\onedrive\documents\year2-modules\c++\assignment1_mathewsjoy_cmp2801m\assignment1_mathewsjoy_cmp2801m\debug\assignment1_mathewsjoy_cmp2801m.ilk
c:\users\mathe\onedrive\documents\year2-modules\c++\assignment1_mathewsjoy_cmp2801m\debug\assignment1_mathewsjoy_cmp2801m.pdb
c:\users\mathe\onedrive\documents\year2-modules\c++\assignment1_mathewsjoy_cmp2801m\assignment1_mathewsjoy_cmp2801m\debug\assignme.2c1aa66a.tlog\cl.command.1.tlog
c:\users\mathe\onedrive\documents\year2-modules\c++\assignment1_mathewsjoy_cmp2801m\assignment1_mathewsjoy_cmp2801m\debug\assignme.2c1aa66a.tlog\cl.read.1.tlog
c:\users\mathe\onedrive\documents\year2-modules\c++\assignment1_mathewsjoy_cmp2801m\assignment1_mathewsjoy_cmp2801m\debug\assignme.2c1aa66a.tlog\cl.write.1.tlog
c:\users\mathe\onedrive\documents\year2-modules\c++\assignment1_mathewsjoy_cmp2801m\assignment1_mathewsjoy_cmp2801m\debug\assignme.2c1aa66a.tlog\link.command.1.tlog
c:\users\mathe\onedrive\documents\year2-modules\c++\assignment1_mathewsjoy_cmp2801m\assignment1_mathewsjoy_cmp2801m\debug\assignme.2c1aa66a.tlog\link.read.1.tlog
c:\users\mathe\onedrive\documents\year2-modules\c++\assignment1_mathewsjoy_cmp2801m\assignment1_mathewsjoy_cmp2801m\debug\assignme.2c1aa66a.tlog\link.write.1.tlog
