c:\users\mathe\onedrive\documents\year2-modules\c++\cbankassignment-visualstudioversion-usethis\visualstudioversion\bankassignmentvisualstudio\bankassignmentvisualstudio\x64\debug\vc143.pdb
c:\users\mathe\onedrive\documents\year2-modules\c++\cbankassignment-visualstudioversion-usethis\visualstudioversion\bankassignmentvisualstudio\bankassignmentvisualstudio\x64\debug\vc143.idb
c:\users\mathe\onedrive\documents\year2-modules\c++\cbankassignment-visualstudioversion-usethis\visualstudioversion\bankassignmentvisualstudio\bankassignmentvisualstudio\x64\debug\transaction.nativecodeanalysis.sarif
c:\users\mathe\onedrive\documents\year2-modules\c++\cbankassignment-visualstudioversion-usethis\visualstudioversion\bankassignmentvisualstudio\bankassignmentvisualstudio\x64\debug\transaction.nativecodeanalysis.xml
c:\users\mathe\onedrive\documents\year2-modules\c++\cbankassignment-visualstudioversion-usethis\visualstudioversion\bankassignmentvisualstudio\bankassignmentvisualstudio\x64\debug\savings.nativecodeanalysis.sarif
c:\users\mathe\onedrive\documents\year2-modules\c++\cbankassignment-visualstudioversion-usethis\visualstudioversion\bankassignmentvisualstudio\bankassignmentvisualstudio\x64\debug\savings.nativecodeanalysis.xml
c:\users\mathe\onedrive\documents\year2-modules\c++\cbankassignment-visualstudioversion-usethis\visualstudioversion\bankassignmentvisualstudio\bankassignmentvisualstudio\x64\debug\redblacksearchtree.nativecodeanalysis.sarif
c:\users\mathe\onedrive\documents\year2-modules\c++\cbankassignment-visualstudioversion-usethis\visualstudioversion\bankassignmentvisualstudio\bankassignmentvisualstudio\x64\debug\redblacksearchtree.nativecodeanalysis.xml
c:\users\mathe\onedrive\documents\year2-modules\c++\cbankassignment-visualstudioversion-usethis\visualstudioversion\bankassignmentvisualstudio\bankassignmentvisualstudio\x64\debug\options.nativecodeanalysis.sarif
c:\users\mathe\onedrive\documents\year2-modules\c++\cbankassignment-visualstudioversion-usethis\visualstudioversion\bankassignmentvisualstudio\bankassignmentvisualstudio\x64\debug\options.nativecodeanalysis.xml
c:\users\mathe\onedrive\documents\year2-modules\c++\cbankassignment-visualstudioversion-usethis\visualstudioversion\bankassignmentvisualstudio\bankassignmentvisualstudio\x64\debug\money.nativecodeanalysis.sarif
c:\users\mathe\onedrive\documents\year2-modules\c++\cbankassignment-visualstudioversion-usethis\visualstudioversion\bankassignmentvisualstudio\bankassignmentvisualstudio\x64\debug\money.nativecodeanalysis.xml
c:\users\mathe\onedrive\documents\year2-modules\c++\cbankassignment-visualstudioversion-usethis\visualstudioversion\bankassignmentvisualstudio\bankassignmentvisualstudio\x64\debug\interestearning.nativecodeanalysis.sarif
c:\users\mathe\onedrive\documents\year2-modules\c++\cbankassignment-visualstudioversion-usethis\visualstudioversion\bankassignmentvisualstudio\bankassignmentvisualstudio\x64\debug\interestearning.nativecodeanalysis.xml
c:\users\mathe\onedrive\documents\year2-modules\c++\cbankassignment-visualstudioversion-usethis\visualstudioversion\bankassignmentvisualstudio\bankassignmentvisualstudio\x64\debug\current.nativecodeanalysis.sarif
c:\users\mathe\onedrive\documents\year2-modules\c++\cbankassignment-visualstudioversion-usethis\visualstudioversion\bankassignmentvisualstudio\bankassignmentvisualstudio\x64\debug\current.nativecodeanalysis.xml
c:\users\mathe\onedrive\documents\year2-modules\c++\cbankassignment-visualstudioversion-usethis\visualstudioversion\bankassignmentvisualstudio\bankassignmentvisualstudio\x64\debug\lincbank.nativecodeanalysis.sarif
c:\users\mathe\onedrive\documents\year2-modules\c++\cbankassignment-visualstudioversion-usethis\visualstudioversion\bankassignmentvisualstudio\bankassignmentvisualstudio\x64\debug\lincbank.nativecodeanalysis.xml
c:\users\mathe\onedrive\documents\year2-modules\c++\cbankassignment-visualstudioversion-usethis\visualstudioversion\bankassignmentvisualstudio\bankassignmentvisualstudio\x64\debug\incorrectargumentvalue.nativecodeanalysis.sarif
c:\users\mathe\onedrive\documents\year2-modules\c++\cbankassignment-visualstudioversion-usethis\visualstudioversion\bankassignmentvisualstudio\bankassignmentvisualstudio\x64\debug\incorrectargumentvalue.nativecodeanalysis.xml
c:\users\mathe\onedrive\documents\year2-modules\c++\cbankassignment-visualstudioversion-usethis\visualstudioversion\bankassignmentvisualstudio\bankassignmentvisualstudio\x64\debug\incorrectamountofarguments.nativecodeanalysis.sarif
c:\users\mathe\onedrive\documents\year2-modules\c++\cbankassignment-visualstudioversion-usethis\visualstudioversion\bankassignmentvisualstudio\bankassignmentvisualstudio\x64\debug\incorrectamountofarguments.nativecodeanalysis.xml
c:\users\mathe\onedrive\documents\year2-modules\c++\cbankassignment-visualstudioversion-usethis\visualstudioversion\bankassignmentvisualstudio\bankassignmentvisualstudio\x64\debug\accountmanager.nativecodeanalysis.sarif
c:\users\mathe\onedrive\documents\year2-modules\c++\cbankassignment-visualstudioversion-usethis\visualstudioversion\bankassignmentvisualstudio\bankassignmentvisualstudio\x64\debug\accountmanager.nativecodeanalysis.xml
c:\users\mathe\onedrive\documents\year2-modules\c++\cbankassignment-visualstudioversion-usethis\visualstudioversion\bankassignmentvisualstudio\bankassignmentvisualstudio\x64\debug\account.nativecodeanalysis.sarif
c:\users\mathe\onedrive\documents\year2-modules\c++\cbankassignment-visualstudioversion-usethis\visualstudioversion\bankassignmentvisualstudio\bankassignmentvisualstudio\x64\debug\account.nativecodeanalysis.xml
c:\users\mathe\onedrive\documents\year2-modules\c++\cbankassignment-visualstudioversion-usethis\visualstudioversion\bankassignmentvisualstudio\bankassignmentvisualstudio\x64\debug\account.obj
c:\users\mathe\onedrive\documents\year2-modules\c++\cbankassignment-visualstudioversion-usethis\visualstudioversion\bankassignmentvisualstudio\bankassignmentvisualstudio\x64\debug\accountmanager.obj
c:\users\mathe\onedrive\documents\year2-modules\c++\cbankassignment-visualstudioversion-usethis\visualstudioversion\bankassignmentvisualstudio\bankassignmentvisualstudio\x64\debug\incorrectamountofarguments.obj
c:\users\mathe\onedrive\documents\year2-modules\c++\cbankassignment-visualstudioversion-usethis\visualstudioversion\bankassignmentvisualstudio\bankassignmentvisualstudio\x64\debug\incorrectargumentvalue.obj
c:\users\mathe\onedrive\documents\year2-modules\c++\cbankassignment-visualstudioversion-usethis\visualstudioversion\bankassignmentvisualstudio\bankassignmentvisualstudio\x64\debug\lincbank.obj
c:\users\mathe\onedrive\documents\year2-modules\c++\cbankassignment-visualstudioversion-usethis\visualstudioversion\bankassignmentvisualstudio\bankassignmentvisualstudio\x64\debug\current.obj
c:\users\mathe\onedrive\documents\year2-modules\c++\cbankassignment-visualstudioversion-usethis\visualstudioversion\bankassignmentvisualstudio\bankassignmentvisualstudio\x64\debug\interestearning.obj
c:\users\mathe\onedrive\documents\year2-modules\c++\cbankassignment-visualstudioversion-usethis\visualstudioversion\bankassignmentvisualstudio\bankassignmentvisualstudio\x64\debug\money.obj
c:\users\mathe\onedrive\documents\year2-modules\c++\cbankassignment-visualstudioversion-usethis\visualstudioversion\bankassignmentvisualstudio\bankassignmentvisualstudio\x64\debug\options.obj
c:\users\mathe\onedrive\documents\year2-modules\c++\cbankassignment-visualstudioversion-usethis\visualstudioversion\bankassignmentvisualstudio\bankassignmentvisualstudio\x64\debug\redblacksearchtree.obj
c:\users\mathe\onedrive\documents\year2-modules\c++\cbankassignment-visualstudioversion-usethis\visualstudioversion\bankassignmentvisualstudio\bankassignmentvisualstudio\x64\debug\savings.obj
c:\users\mathe\onedrive\documents\year2-modules\c++\cbankassignment-visualstudioversion-usethis\visualstudioversion\bankassignmentvisualstudio\bankassignmentvisualstudio\x64\debug\transaction.obj
c:\users\mathe\onedrive\documents\year2-modules\c++\cbankassignment-visualstudioversion-usethis\visualstudioversion\bankassignmentvisualstudio\bankassignmentvisualstudio\x64\debug\bankassignmentvisualstudio.ilk
c:\users\mathe\onedrive\documents\year2-modules\c++\cbankassignment-visualstudioversion-usethis\visualstudioversion\bankassignmentvisualstudio\x64\debug\bankassignmentvisualstudio.exe
c:\users\mathe\onedrive\documents\year2-modules\c++\cbankassignment-visualstudioversion-usethis\visualstudioversion\bankassignmentvisualstudio\x64\debug\bankassignmentvisualstudio.pdb
c:\users\mathe\onedrive\documents\year2-modules\c++\cbankassignment-visualstudioversion-usethis\visualstudioversion\bankassignmentvisualstudio\bankassignmentvisualstudio\x64\debug\vc.nativecodeanalysis.all.xml
c:\users\mathe\onedrive\documents\year2-modules\c++\cbankassignment-visualstudioversion-usethis\visualstudioversion\bankassignmentvisualstudio\bankassignmentvisualstudio\x64\debug\bankassi.574e2656.tlog\cl.command.1.tlog
c:\users\mathe\onedrive\documents\year2-modules\c++\cbankassignment-visualstudioversion-usethis\visualstudioversion\bankassignmentvisualstudio\bankassignmentvisualstudio\x64\debug\bankassi.574e2656.tlog\cl.read.1.tlog
c:\users\mathe\onedrive\documents\year2-modules\c++\cbankassignment-visualstudioversion-usethis\visualstudioversion\bankassignmentvisualstudio\bankassignmentvisualstudio\x64\debug\bankassi.574e2656.tlog\cl.write.1.tlog
c:\users\mathe\onedrive\documents\year2-modules\c++\cbankassignment-visualstudioversion-usethis\visualstudioversion\bankassignmentvisualstudio\bankassignmentvisualstudio\x64\debug\bankassi.574e2656.tlog\link.command.1.tlog
c:\users\mathe\onedrive\documents\year2-modules\c++\cbankassignment-visualstudioversion-usethis\visualstudioversion\bankassignmentvisualstudio\bankassignmentvisualstudio\x64\debug\bankassi.574e2656.tlog\link.read.1.tlog
c:\users\mathe\onedrive\documents\year2-modules\c++\cbankassignment-visualstudioversion-usethis\visualstudioversion\bankassignmentvisualstudio\bankassignmentvisualstudio\x64\debug\bankassi.574e2656.tlog\link.write.1.tlog
